<?xml version="1.0" encoding="UTF-8"?>
<!-- Generated by org.testng.reporters.JUnitReportReporter -->
<testsuite hostname="DESKTOP-1V9PIPH" failures="0" tests="3" name="screen.WelcomeScreen" time="10.603" errors="0" timestamp="11 Sep 2018 10:34:57 GMT" skipped="0">
  <testcase classname="screen.WelcomeScreen" name="verifyWelcomeScreenIsDisplayed" time="0.211"/>
  <testcase classname="screen.WelcomeScreen" name="tapOnSignInButtonToOpenSignInScreen" time="2.376"/>
  <testcase classname="screen.WelcomeScreen" name="tapOnRegisterButtonToOpenRegisterScreen" time="8.016"/>
</testsuite> <!-- screen.WelcomeScreen -->
