<?xml version="1.0" encoding="UTF-8"?>
<!-- Generated by org.testng.reporters.JUnitReportReporter -->
<testsuite hostname="DESKTOP-1V9PIPH" failures="0" tests="3" name="screen.WelcomeScreen" time="3.977" errors="0" timestamp="12 Sep 2018 10:43:32 GMT" skipped="0">
  <testcase classname="screen.WelcomeScreen" name="verifyWelcomeScreenIsDisplayed" time="0.087"/>
  <testcase classname="screen.WelcomeScreen" name="tapOnSignInButtonToOpenSignInScreen" time="1.399"/>
  <testcase classname="screen.WelcomeScreen" name="tapOnRegisterButtonToOpenRegisterScreen" time="2.491"/>
</testsuite> <!-- screen.WelcomeScreen -->
