<?xml version="1.0" encoding="UTF-8"?>
<!-- Generated by org.testng.reporters.JUnitReportReporter -->
<testsuite hostname="DESKTOP-1V9PIPH" failures="0" tests="2" name="screen.TestAnnotationsPriorityOrder" time="0.011" errors="0" timestamp="06 Sep 2018 03:51:29 GMT" skipped="0">
  <testcase classname="screen.TestAnnotationsPriorityOrder" name="TestMethod1" time="0.008"/>
  <testcase classname="screen.TestAnnotationsPriorityOrder" name="TestMethod2" time="0.003"/>
</testsuite> <!-- screen.TestAnnotationsPriorityOrder -->
