<?xml version="1.0" encoding="UTF-8"?>
<!-- Generated by org.testng.reporters.JUnitReportReporter -->
<testsuite hostname="DESKTOP-1V9PIPH" failures="0" tests="1" name="Demo.NewTest" time="19.308" errors="0" timestamp="04 Sep 2018 12:04:15 GMT" skipped="0">
  <testcase classname="Demo.NewTest" name="f" time="19.308"/>
</testsuite> <!-- Demo.NewTest -->
