<?xml version="1.0" encoding="UTF-8"?>
<!-- Generated by org.testng.reporters.JUnitReportReporter -->
<testsuite hostname="DESKTOP-1V9PIPH" failures="0" tests="2" name="screen.SignInScreen" time="31.122" errors="0" timestamp="06 Sep 2018 11:11:59 GMT" skipped="0">
  <testcase classname="screen.SignInScreen" name="verifySignInScreenIsDisplayed" time="2.562"/>
  <testcase classname="screen.SignInScreen" name="signInPass" time="28.560"/>
</testsuite> <!-- screen.SignInScreen -->
