<?xml version="1.0" encoding="UTF-8"?>
<!-- Generated by org.testng.reporters.JUnitReportReporter -->
<testsuite hostname="DESKTOP-1V9PIPH" failures="0" tests="14" name="screen.FeedScreen" time="249.200" errors="5" timestamp="21 Sep 2018 11:13:05 GMT" skipped="0">
  <testcase classname="screen.FeedScreen" name="setUpAfterTest" time="10.313">
    <error message="Error! This element is not enable!!!" type="java.lang.Exception">
      <![CDATA[java.lang.Exception: Error! This element is not enable!!!
at common.ApplicationHelper.checkElementIsEnable(ApplicationHelper.java:164)
at common.ApplicationHelper.tapButton(ApplicationHelper.java:188)
at common.FeedHelper.openLeftMenu(FeedHelper.java:205)
at common.FeedHelper.logOut(FeedHelper.java:238)
at screen.FeedScreen$Screen.logOut(FeedScreen.java:200)
at screen.FeedScreen.setUpAfterTest(FeedScreen.java:34)
at java.base/jdk.internal.reflect.NativeMethodAccessorImpl.invoke0(Native Method)
at java.base/jdk.internal.reflect.NativeMethodAccessorImpl.invoke(Unknown Source)
at java.base/jdk.internal.reflect.DelegatingMethodAccessorImpl.invoke(Unknown Source)
at java.base/java.lang.reflect.Method.invoke(Unknown Source)
at org.testng.internal.MethodInvocationHelper.invokeMethod(MethodInvocationHelper.java:124)
at org.testng.internal.MethodInvocationHelper.invokeMethodConsideringTimeout(MethodInvocationHelper.java:59)
at org.testng.internal.Invoker.invokeConfigurationMethod(Invoker.java:458)
at org.testng.internal.Invoker.invokeConfigurations(Invoker.java:222)
at org.testng.internal.Invoker.invokeConfigurations(Invoker.java:142)
at org.testng.TestRunner.afterRun(TestRunner.java:725)
at org.testng.TestRunner.run(TestRunner.java:509)
at org.testng.SuiteRunner.runTest(SuiteRunner.java:455)
at org.testng.SuiteRunner.runSequentially(SuiteRunner.java:450)
at org.testng.SuiteRunner.privateRun(SuiteRunner.java:415)
at org.testng.SuiteRunner.run(SuiteRunner.java:364)
at org.testng.SuiteRunnerWorker.runSuite(SuiteRunnerWorker.java:52)
at org.testng.SuiteRunnerWorker.run(SuiteRunnerWorker.java:84)
at org.testng.TestNG.runSuitesSequentially(TestNG.java:1208)
at org.testng.TestNG.runSuitesLocally(TestNG.java:1137)
at org.testng.TestNG.runSuites(TestNG.java:1049)
at org.testng.TestNG.run(TestNG.java:1017)
at org.testng.remote.AbstractRemoteTestNG.run(AbstractRemoteTestNG.java:114)
at org.testng.remote.RemoteTestNG.initAndRun(RemoteTestNG.java:251)
at org.testng.remote.RemoteTestNG.main(RemoteTestNG.java:77)
Caused by: java.lang.NullPointerException
at common.ApplicationHelper.checkElementIsEnable(ApplicationHelper.java:161)
... 29 more
]]>
    </error>
  </testcase> <!-- setUpAfterTest -->
  <testcase classname="screen.FeedScreen" name="verifyFeedScreenIsDisplayed" time="1.780"/>
  <testcase classname="screen.FeedScreen" name="verifyBlackTipsPanelIsDisplayedWhenTapOnPostLabelAtTheFirstTime" time="10.630">
    <error message="Error! Element not found!!!" type="java.lang.Exception">
      <![CDATA[java.lang.Exception: Error! Element not found!!!
at common.ApplicationHelper.checkElementIsDisplayed(ApplicationHelper.java:146)
at screen.FeedScreen$Screen.verifyBlackTipsPanelIsDisplayed(FeedScreen.java:392)
at screen.FeedScreen.verifyBlackTipsPanelIsDisplayedWhenTapOnPostLabelAtTheFirstTime(FeedScreen.java:62)
at java.base/jdk.internal.reflect.NativeMethodAccessorImpl.invoke0(Native Method)
at java.base/jdk.internal.reflect.NativeMethodAccessorImpl.invoke(Unknown Source)
at java.base/jdk.internal.reflect.DelegatingMethodAccessorImpl.invoke(Unknown Source)
at java.base/java.lang.reflect.Method.invoke(Unknown Source)
at org.testng.internal.MethodInvocationHelper.invokeMethod(MethodInvocationHelper.java:124)
at org.testng.internal.Invoker.invokeMethod(Invoker.java:583)
at org.testng.internal.Invoker.invokeTestMethod(Invoker.java:719)
at org.testng.internal.Invoker.invokeTestMethods(Invoker.java:989)
at org.testng.internal.TestMethodWorker.invokeTestMethods(TestMethodWorker.java:125)
at org.testng.internal.TestMethodWorker.run(TestMethodWorker.java:109)
at org.testng.TestRunner.privateRun(TestRunner.java:648)
at org.testng.TestRunner.run(TestRunner.java:505)
at org.testng.SuiteRunner.runTest(SuiteRunner.java:455)
at org.testng.SuiteRunner.runSequentially(SuiteRunner.java:450)
at org.testng.SuiteRunner.privateRun(SuiteRunner.java:415)
at org.testng.SuiteRunner.run(SuiteRunner.java:364)
at org.testng.SuiteRunnerWorker.runSuite(SuiteRunnerWorker.java:52)
at org.testng.SuiteRunnerWorker.run(SuiteRunnerWorker.java:84)
at org.testng.TestNG.runSuitesSequentially(TestNG.java:1208)
at org.testng.TestNG.runSuitesLocally(TestNG.java:1137)
at org.testng.TestNG.runSuites(TestNG.java:1049)
at org.testng.TestNG.run(TestNG.java:1017)
at org.testng.remote.AbstractRemoteTestNG.run(AbstractRemoteTestNG.java:114)
at org.testng.remote.RemoteTestNG.initAndRun(RemoteTestNG.java:251)
at org.testng.remote.RemoteTestNG.main(RemoteTestNG.java:77)
Caused by: java.lang.NullPointerException
at common.ApplicationHelper.checkElementIsDisplayed(ApplicationHelper.java:143)
... 27 more
]]>
    </error>
  </testcase> <!-- verifyBlackTipsPanelIsDisplayedWhenTapOnPostLabelAtTheFirstTime -->
  <testcase classname="screen.FeedScreen" name="verifyBlackTipsPanelIsDisplayedWhenAtTheSecondTime" time="11.454">
    <error message="Error! This element is not enable!!!" type="java.lang.Exception">
      <![CDATA[java.lang.Exception: Error! This element is not enable!!!
at common.ApplicationHelper.checkElementIsEnable(ApplicationHelper.java:164)
at common.ApplicationHelper.tapButton(ApplicationHelper.java:188)
at common.FeedHelper.closeBlackTipsBox(FeedHelper.java:200)
at screen.FeedScreen$Screen.closeBlackTipsBox(FeedScreen.java:212)
at screen.FeedScreen.verifyBlackTipsPanelIsDisplayedWhenAtTheSecondTime(FeedScreen.java:73)
at java.base/jdk.internal.reflect.NativeMethodAccessorImpl.invoke0(Native Method)
at java.base/jdk.internal.reflect.NativeMethodAccessorImpl.invoke(Unknown Source)
at java.base/jdk.internal.reflect.DelegatingMethodAccessorImpl.invoke(Unknown Source)
at java.base/java.lang.reflect.Method.invoke(Unknown Source)
at org.testng.internal.MethodInvocationHelper.invokeMethod(MethodInvocationHelper.java:124)
at org.testng.internal.Invoker.invokeMethod(Invoker.java:583)
at org.testng.internal.Invoker.invokeTestMethod(Invoker.java:719)
at org.testng.internal.Invoker.invokeTestMethods(Invoker.java:989)
at org.testng.internal.TestMethodWorker.invokeTestMethods(TestMethodWorker.java:125)
at org.testng.internal.TestMethodWorker.run(TestMethodWorker.java:109)
at org.testng.TestRunner.privateRun(TestRunner.java:648)
at org.testng.TestRunner.run(TestRunner.java:505)
at org.testng.SuiteRunner.runTest(SuiteRunner.java:455)
at org.testng.SuiteRunner.runSequentially(SuiteRunner.java:450)
at org.testng.SuiteRunner.privateRun(SuiteRunner.java:415)
at org.testng.SuiteRunner.run(SuiteRunner.java:364)
at org.testng.SuiteRunnerWorker.runSuite(SuiteRunnerWorker.java:52)
at org.testng.SuiteRunnerWorker.run(SuiteRunnerWorker.java:84)
at org.testng.TestNG.runSuitesSequentially(TestNG.java:1208)
at org.testng.TestNG.runSuitesLocally(TestNG.java:1137)
at org.testng.TestNG.runSuites(TestNG.java:1049)
at org.testng.TestNG.run(TestNG.java:1017)
at org.testng.remote.AbstractRemoteTestNG.run(AbstractRemoteTestNG.java:114)
at org.testng.remote.RemoteTestNG.initAndRun(RemoteTestNG.java:251)
at org.testng.remote.RemoteTestNG.main(RemoteTestNG.java:77)
Caused by: java.lang.NullPointerException
at common.ApplicationHelper.checkElementIsEnable(ApplicationHelper.java:161)
... 29 more
]]>
    </error>
  </testcase> <!-- verifyBlackTipsPanelIsDisplayedWhenAtTheSecondTime -->
  <testcase classname="screen.FeedScreen" name="verifyBlackTipsPanelNotDisplayedAfterCheckedDontShowAgain" time="13.575">
    <error message="Error! This element is not enable!!!" type="java.lang.Exception">
      <![CDATA[java.lang.Exception: Error! This element is not enable!!!
at common.ApplicationHelper.checkElementIsEnable(ApplicationHelper.java:164)
at common.ApplicationHelper.tapButton(ApplicationHelper.java:188)
at common.FeedHelper.checkDontShowAgain(FeedHelper.java:194)
at screen.FeedScreen$Screen.checkDontShowAgain(FeedScreen.java:388)
at screen.FeedScreen.verifyBlackTipsPanelNotDisplayedAfterCheckedDontShowAgain(FeedScreen.java:87)
at java.base/jdk.internal.reflect.NativeMethodAccessorImpl.invoke0(Native Method)
at java.base/jdk.internal.reflect.NativeMethodAccessorImpl.invoke(Unknown Source)
at java.base/jdk.internal.reflect.DelegatingMethodAccessorImpl.invoke(Unknown Source)
at java.base/java.lang.reflect.Method.invoke(Unknown Source)
at org.testng.internal.MethodInvocationHelper.invokeMethod(MethodInvocationHelper.java:124)
at org.testng.internal.Invoker.invokeMethod(Invoker.java:583)
at org.testng.internal.Invoker.invokeTestMethod(Invoker.java:719)
at org.testng.internal.Invoker.invokeTestMethods(Invoker.java:989)
at org.testng.internal.TestMethodWorker.invokeTestMethods(TestMethodWorker.java:125)
at org.testng.internal.TestMethodWorker.run(TestMethodWorker.java:109)
at org.testng.TestRunner.privateRun(TestRunner.java:648)
at org.testng.TestRunner.run(TestRunner.java:505)
at org.testng.SuiteRunner.runTest(SuiteRunner.java:455)
at org.testng.SuiteRunner.runSequentially(SuiteRunner.java:450)
at org.testng.SuiteRunner.privateRun(SuiteRunner.java:415)
at org.testng.SuiteRunner.run(SuiteRunner.java:364)
at org.testng.SuiteRunnerWorker.runSuite(SuiteRunnerWorker.java:52)
at org.testng.SuiteRunnerWorker.run(SuiteRunnerWorker.java:84)
at org.testng.TestNG.runSuitesSequentially(TestNG.java:1208)
at org.testng.TestNG.runSuitesLocally(TestNG.java:1137)
at org.testng.TestNG.runSuites(TestNG.java:1049)
at org.testng.TestNG.run(TestNG.java:1017)
at org.testng.remote.AbstractRemoteTestNG.run(AbstractRemoteTestNG.java:114)
at org.testng.remote.RemoteTestNG.initAndRun(RemoteTestNG.java:251)
at org.testng.remote.RemoteTestNG.main(RemoteTestNG.java:77)
Caused by: java.lang.NullPointerException
at common.ApplicationHelper.checkElementIsEnable(ApplicationHelper.java:161)
... 29 more
]]>
    </error>
  </testcase> <!-- verifyBlackTipsPanelNotDisplayedAfterCheckedDontShowAgain -->
  <testcase classname="screen.FeedScreen" name="verifyInputStatusPanelIsDisplayeAfterCheckDontShowAgain" time="8.088"/>
  <testcase classname="screen.FeedScreen" name="verifyPostButtonIsDisableWWithEmptyContent" time="10.262"/>
  <testcase classname="screen.FeedScreen" name="postStatus" time="27.361"/>
  <testcase classname="screen.FeedScreen" name="likePost" time="2.507"/>
  <testcase classname="screen.FeedScreen" name="unLikePost" time="2.471"/>
  <testcase classname="screen.FeedScreen" name="commentPost" time="16.888"/>
  <testcase classname="screen.FeedScreen" name="postPicture" time="29.143"/>
  <testcase classname="screen.FeedScreen" name="postVideo" time="72.092"/>
  <testcase classname="screen.FeedScreen" name="postStatusToSpecificGroups" time="32.636">
    <error message="Error! This element is not enable!!!" type="java.lang.Exception">
      <![CDATA[java.lang.Exception: Error! This element is not enable!!!
at common.ApplicationHelper.checkElementIsEnable(ApplicationHelper.java:164)
at common.ApplicationHelper.tapButton(ApplicationHelper.java:188)
at common.FeedHelper.tapOnCancelButton(FeedHelper.java:289)
at screen.FeedScreen$Screen.selectListSpecificGroup(FeedScreen.java:272)
at screen.FeedScreen.postStatusToSpecificGroups(FeedScreen.java:179)
at java.base/jdk.internal.reflect.NativeMethodAccessorImpl.invoke0(Native Method)
at java.base/jdk.internal.reflect.NativeMethodAccessorImpl.invoke(Unknown Source)
at java.base/jdk.internal.reflect.DelegatingMethodAccessorImpl.invoke(Unknown Source)
at java.base/java.lang.reflect.Method.invoke(Unknown Source)
at org.testng.internal.MethodInvocationHelper.invokeMethod(MethodInvocationHelper.java:124)
at org.testng.internal.Invoker.invokeMethod(Invoker.java:583)
at org.testng.internal.Invoker.invokeTestMethod(Invoker.java:719)
at org.testng.internal.Invoker.invokeTestMethods(Invoker.java:989)
at org.testng.internal.TestMethodWorker.invokeTestMethods(TestMethodWorker.java:125)
at org.testng.internal.TestMethodWorker.run(TestMethodWorker.java:109)
at org.testng.TestRunner.privateRun(TestRunner.java:648)
at org.testng.TestRunner.run(TestRunner.java:505)
at org.testng.SuiteRunner.runTest(SuiteRunner.java:455)
at org.testng.SuiteRunner.runSequentially(SuiteRunner.java:450)
at org.testng.SuiteRunner.privateRun(SuiteRunner.java:415)
at org.testng.SuiteRunner.run(SuiteRunner.java:364)
at org.testng.SuiteRunnerWorker.runSuite(SuiteRunnerWorker.java:52)
at org.testng.SuiteRunnerWorker.run(SuiteRunnerWorker.java:84)
at org.testng.TestNG.runSuitesSequentially(TestNG.java:1208)
at org.testng.TestNG.runSuitesLocally(TestNG.java:1137)
at org.testng.TestNG.runSuites(TestNG.java:1049)
at org.testng.TestNG.run(TestNG.java:1017)
at org.testng.remote.AbstractRemoteTestNG.run(AbstractRemoteTestNG.java:114)
at org.testng.remote.RemoteTestNG.initAndRun(RemoteTestNG.java:251)
at org.testng.remote.RemoteTestNG.main(RemoteTestNG.java:77)
Caused by: java.lang.NullPointerException
at common.ApplicationHelper.checkElementIsEnable(ApplicationHelper.java:161)
... 29 more
]]>
    </error>
  </testcase> <!-- postStatusToSpecificGroups -->
</testsuite> <!-- screen.FeedScreen -->
