<?xml version="1.0" encoding="UTF-8"?>
<!-- Generated by org.testng.reporters.JUnitReportReporter -->
<testsuite hostname="DESKTOP-1V9PIPH" failures="0" tests="7" name="screen.SignInScreen" time="120.998" errors="0" timestamp="11 Sep 2018 10:37:27 GMT" skipped="0">
  <testcase classname="screen.SignInScreen" name="verifySignInScreenIsDisplayed" time="2.559"/>
  <testcase classname="screen.SignInScreen" name="signInWithValidCredentials" time="39.692"/>
  <testcase classname="screen.SignInScreen" name="signInWithValidUsernameAndInvalidPassword" time="22.275"/>
  <testcase classname="screen.SignInScreen" name="signInWithInvalidUsernameAndValidPassword" time="24.411"/>
  <testcase classname="screen.SignInScreen" name="signInWithBlankUsernameField" time="12.904"/>
  <testcase classname="screen.SignInScreen" name="signInWithBlankPasswordField" time="13.136"/>
  <testcase classname="screen.SignInScreen" name="redirectToForgotPasswordScreen" time="6.021"/>
</testsuite> <!-- screen.SignInScreen -->
