<?xml version="1.0" encoding="UTF-8"?>
<!-- Generated by org.testng.reporters.JUnitReportReporter -->
<testsuite hostname="DESKTOP-1V9PIPH" failures="0" tests="3" name="screen.WelcomeScreen" time="10.780" errors="0" timestamp="10 Sep 2018 09:56:26 GMT" skipped="0">
  <testcase classname="screen.WelcomeScreen" name="verifyWelcomeScreenIsDisplayed" time="0.284"/>
  <testcase classname="screen.WelcomeScreen" name="tapOnSignInButtonToOpenSignInScreen" time="7.757"/>
  <testcase classname="screen.WelcomeScreen" name="tapOnRegisterButtonToOpenRegisterScreen" time="2.739"/>
</testsuite> <!-- screen.WelcomeScreen -->
