<?xml version="1.0" encoding="UTF-8"?>
<!-- Generated by org.testng.reporters.JUnitReportReporter -->
<testsuite hostname="DESKTOP-1V9PIPH" failures="0" tests="8" name="screen.SignInScreen" time="124.784" errors="0" timestamp="13 Sep 2018 04:15:24 GMT" skipped="0">
  <testcase classname="screen.SignInScreen" name="verifySignInScreenIsDisplayed" time="0.175"/>
  <testcase classname="screen.SignInScreen" name="signInWithValidUsernameAndInvalidPassword" time="18.086"/>
  <testcase classname="screen.SignInScreen" name="signInWithInvalidUsernameAndValidPassword" time="24.433"/>
  <testcase classname="screen.SignInScreen" name="signInWithBlankUsernameField" time="17.461"/>
  <testcase classname="screen.SignInScreen" name="signInWithBlankPasswordField" time="15.253"/>
  <testcase classname="screen.SignInScreen" name="signInWithBlankUsernameAndPassword" time="6.993"/>
  <testcase classname="screen.SignInScreen" name="redirectToForgotPasswordScreen" time="4.087"/>
  <testcase classname="screen.SignInScreen" name="signInWithValidCredentials" time="38.296"/>
</testsuite> <!-- screen.SignInScreen -->
