<?xml version="1.0" encoding="UTF-8"?>
<!-- Generated by org.testng.reporters.JUnitReportReporter -->
<testsuite hostname="DESKTOP-1V9PIPH" failures="0" tests="3" name="screen.WelcomeScreen" time="10.425" errors="0" timestamp="06 Sep 2018 10:36:10 GMT" skipped="0">
  <testcase classname="screen.WelcomeScreen" name="verifyWelcomeScreenIsDisplayed" time="0.189"/>
  <testcase classname="screen.WelcomeScreen" name="tapOnSignInButtonToOpenSignInScreen" time="2.407"/>
  <testcase classname="screen.WelcomeScreen" name="tapOnRegisterButtonToOpenRegisterScreen" time="7.829"/>
</testsuite> <!-- screen.WelcomeScreen -->
