<?xml version="1.0" encoding="UTF-8"?>
<!-- Generated by org.testng.reporters.JUnitReportReporter -->
<testsuite hostname="DESKTOP-1V9PIPH" failures="0" tests="3" name="screen.WelcomeScreen" time="10.365" errors="0" timestamp="19 Sep 2018 11:51:18 GMT" skipped="0">
  <testcase classname="screen.WelcomeScreen" name="verifyWelcomeScreenIsDisplayed" time="6.439"/>
  <testcase classname="screen.WelcomeScreen" name="tapOnSignInButtonToOpenSignInScreen" time="1.517"/>
  <testcase classname="screen.WelcomeScreen" name="tapOnRegisterButtonToOpenRegisterScreen" time="2.409"/>
</testsuite> <!-- screen.WelcomeScreen -->
