<?xml version="1.0" encoding="UTF-8"?>
<!-- Generated by org.testng.reporters.JUnitReportReporter -->
<testsuite hostname="DESKTOP-1V9PIPH" failures="0" tests="8" name="screen.SignInScreen" time="110.004" errors="0" timestamp="20 Sep 2018 08:36:13 GMT" skipped="0">
  <testcase classname="screen.SignInScreen" name="verifySignInScreenIsDisplayed" time="0.835"/>
  <testcase classname="screen.SignInScreen" name="signInWithValidUsernameAndInvalidPassword" time="17.580"/>
  <testcase classname="screen.SignInScreen" name="signInWithInvalidUsernameAndValidPassword" time="24.490"/>
  <testcase classname="screen.SignInScreen" name="signInWithBlankUsernameField" time="17.116"/>
  <testcase classname="screen.SignInScreen" name="signInWithBlankPasswordField" time="14.512"/>
  <testcase classname="screen.SignInScreen" name="signInWithBlankUsernameAndPassword" time="6.824"/>
  <testcase classname="screen.SignInScreen" name="redirectToForgotPasswordScreen" time="4.129"/>
  <testcase classname="screen.SignInScreen" name="signInWithValidCredentials" time="24.518"/>
</testsuite> <!-- screen.SignInScreen -->
