<?xml version="1.0" encoding="UTF-8"?>
<!-- Generated by org.testng.reporters.JUnitReportReporter -->
<testsuite hostname="DESKTOP-1V9PIPH" failures="0" tests="7" name="screen.SignInScreen" time="104.803" errors="0" timestamp="07 Sep 2018 08:25:13 GMT" skipped="0">
  <testcase classname="screen.SignInScreen" name="verifySignInScreenIsDisplayed" time="2.635"/>
  <testcase classname="screen.SignInScreen" name="signInWithValidCredentials" time="26.306"/>
  <testcase classname="screen.SignInScreen" name="signInWithValidUsernameAndInvalidPassword" time="20.337"/>
  <testcase classname="screen.SignInScreen" name="signInWithInvalidUsernameAndValidPassword" time="21.289"/>
  <testcase classname="screen.SignInScreen" name="signInWithBlankUsernameField" time="12.558"/>
  <testcase classname="screen.SignInScreen" name="signInWithBlankPasswordField" time="13.434"/>
  <testcase classname="screen.SignInScreen" name="redirectToForgotPasswordScreen" time="8.244"/>
</testsuite> <!-- screen.SignInScreen -->
