<?xml version="1.0" encoding="UTF-8"?>
<!-- Generated by org.testng.reporters.JUnitReportReporter -->
<testsuite hostname="DESKTOP-1V9PIPH" failures="0" tests="1" name="TestCase.ExecuteTest" time="13.263" errors="0" timestamp="04 Sep 2018 10:43:54 GMT" skipped="0">
  <testcase classname="TestCase.ExecuteTest" name="f" time="13.263"/>
</testsuite> <!-- TestCase.ExecuteTest -->
