<?xml version="1.0" encoding="UTF-8"?>
<!-- Generated by org.testng.reporters.JUnitReportReporter -->
<testsuite hostname="DESKTOP-1V9PIPH" failures="0" tests="7" name="screen.SignInScreen" time="108.478" errors="0" timestamp="10 Sep 2018 10:03:45 GMT" skipped="0">
  <testcase classname="screen.SignInScreen" name="verifySignInScreenIsDisplayed" time="2.376"/>
  <testcase classname="screen.SignInScreen" name="signInWithValidCredentials" time="27.393"/>
  <testcase classname="screen.SignInScreen" name="signInWithValidUsernameAndInvalidPassword" time="25.466"/>
  <testcase classname="screen.SignInScreen" name="signInWithInvalidUsernameAndValidPassword" time="20.153"/>
  <testcase classname="screen.SignInScreen" name="signInWithBlankUsernameField" time="13.325"/>
  <testcase classname="screen.SignInScreen" name="signInWithBlankPasswordField" time="13.510"/>
  <testcase classname="screen.SignInScreen" name="redirectToForgotPasswordScreen" time="6.255"/>
</testsuite> <!-- screen.SignInScreen -->
