<?xml version="1.0" encoding="UTF-8"?>
<!-- Generated by org.testng.reporters.JUnitReportReporter -->
<testsuite hostname="DESKTOP-1V9PIPH" failures="0" tests="8" name="screen.SignInScreen" time="114.525" errors="0" timestamp="12 Sep 2018 10:45:59 GMT" skipped="0">
  <testcase classname="screen.SignInScreen" name="verifySignInScreenIsDisplayed" time="0.140"/>
  <testcase classname="screen.SignInScreen" name="signInWithValidUsernameAndInvalidPassword" time="17.551"/>
  <testcase classname="screen.SignInScreen" name="signInWithInvalidUsernameAndValidPassword" time="25.105"/>
  <testcase classname="screen.SignInScreen" name="signInWithBlankUsernameField" time="17.936"/>
  <testcase classname="screen.SignInScreen" name="signInWithBlankPasswordField" time="15.214"/>
  <testcase classname="screen.SignInScreen" name="signInWithBlankUsernameAndPassword" time="7.169"/>
  <testcase classname="screen.SignInScreen" name="redirectToForgotPasswordScreen" time="4.078"/>
  <testcase classname="screen.SignInScreen" name="signInWithValidCredentials" time="27.332"/>
</testsuite> <!-- screen.SignInScreen -->
