<?xml version="1.0" encoding="UTF-8"?>
<!-- Generated by org.testng.reporters.JUnitReportReporter -->
<testsuite hostname="DESKTOP-1V9PIPH" failures="0" tests="12" name="screen.FeedScreen" time="195.482" errors="3" timestamp="19 Sep 2018 11:03:44 GMT" skipped="0">
  <testcase classname="screen.FeedScreen" name="verifyFeedScreenIsDisplayed" time="2.084"/>
  <testcase classname="screen.FeedScreen" name="verifyBlackTipsPanelIsDisplayedWhenTapOnPostLabelAtTheFirstTime" time="10.914">
    <error message="Error! Element not found!!!" type="java.lang.Exception">
      <![CDATA[java.lang.Exception: Error! Element not found!!!
at common.ApplicationHelper.checkElementIsDisplayed(ApplicationHelper.java:135)
at screen.FeedScreen$Screen.verifyBlackTipsPanelIsDisplayed(FeedScreen.java:378)
at screen.FeedScreen.verifyBlackTipsPanelIsDisplayedWhenTapOnPostLabelAtTheFirstTime(FeedScreen.java:62)
at java.base/jdk.internal.reflect.NativeMethodAccessorImpl.invoke0(Native Method)
at java.base/jdk.internal.reflect.NativeMethodAccessorImpl.invoke(Unknown Source)
at java.base/jdk.internal.reflect.DelegatingMethodAccessorImpl.invoke(Unknown Source)
at java.base/java.lang.reflect.Method.invoke(Unknown Source)
at org.testng.internal.MethodInvocationHelper.invokeMethod(MethodInvocationHelper.java:124)
at org.testng.internal.Invoker.invokeMethod(Invoker.java:583)
at org.testng.internal.Invoker.invokeTestMethod(Invoker.java:719)
at org.testng.internal.Invoker.invokeTestMethods(Invoker.java:989)
at org.testng.internal.TestMethodWorker.invokeTestMethods(TestMethodWorker.java:125)
at org.testng.internal.TestMethodWorker.run(TestMethodWorker.java:109)
at org.testng.TestRunner.privateRun(TestRunner.java:648)
at org.testng.TestRunner.run(TestRunner.java:505)
at org.testng.SuiteRunner.runTest(SuiteRunner.java:455)
at org.testng.SuiteRunner.runSequentially(SuiteRunner.java:450)
at org.testng.SuiteRunner.privateRun(SuiteRunner.java:415)
at org.testng.SuiteRunner.run(SuiteRunner.java:364)
at org.testng.SuiteRunnerWorker.runSuite(SuiteRunnerWorker.java:52)
at org.testng.SuiteRunnerWorker.run(SuiteRunnerWorker.java:84)
at org.testng.TestNG.runSuitesSequentially(TestNG.java:1208)
at org.testng.TestNG.runSuitesLocally(TestNG.java:1137)
at org.testng.TestNG.runSuites(TestNG.java:1049)
at org.testng.TestNG.run(TestNG.java:1017)
at org.testng.remote.AbstractRemoteTestNG.run(AbstractRemoteTestNG.java:114)
at org.testng.remote.RemoteTestNG.initAndRun(RemoteTestNG.java:251)
at org.testng.remote.RemoteTestNG.main(RemoteTestNG.java:77)
Caused by: java.lang.NullPointerException
at common.ApplicationHelper.checkElementIsDisplayed(ApplicationHelper.java:132)
... 27 more
]]>
    </error>
  </testcase> <!-- verifyBlackTipsPanelIsDisplayedWhenTapOnPostLabelAtTheFirstTime -->
  <testcase classname="screen.FeedScreen" name="verifyBlackTipsPanelIsDisplayedWhenAtTheSecondTime" time="10.786">
    <error message="Error! This element is not enable!!!" type="java.lang.Exception">
      <![CDATA[java.lang.Exception: Error! This element is not enable!!!
at common.ApplicationHelper.checkElementIsEnable(ApplicationHelper.java:153)
at common.ApplicationHelper.tapButton(ApplicationHelper.java:177)
at common.FeedHelper.closeBlackTipsBox(FeedHelper.java:158)
at screen.FeedScreen$Screen.closeBlackTipsBox(FeedScreen.java:200)
at screen.FeedScreen.verifyBlackTipsPanelIsDisplayedWhenAtTheSecondTime(FeedScreen.java:73)
at java.base/jdk.internal.reflect.NativeMethodAccessorImpl.invoke0(Native Method)
at java.base/jdk.internal.reflect.NativeMethodAccessorImpl.invoke(Unknown Source)
at java.base/jdk.internal.reflect.DelegatingMethodAccessorImpl.invoke(Unknown Source)
at java.base/java.lang.reflect.Method.invoke(Unknown Source)
at org.testng.internal.MethodInvocationHelper.invokeMethod(MethodInvocationHelper.java:124)
at org.testng.internal.Invoker.invokeMethod(Invoker.java:583)
at org.testng.internal.Invoker.invokeTestMethod(Invoker.java:719)
at org.testng.internal.Invoker.invokeTestMethods(Invoker.java:989)
at org.testng.internal.TestMethodWorker.invokeTestMethods(TestMethodWorker.java:125)
at org.testng.internal.TestMethodWorker.run(TestMethodWorker.java:109)
at org.testng.TestRunner.privateRun(TestRunner.java:648)
at org.testng.TestRunner.run(TestRunner.java:505)
at org.testng.SuiteRunner.runTest(SuiteRunner.java:455)
at org.testng.SuiteRunner.runSequentially(SuiteRunner.java:450)
at org.testng.SuiteRunner.privateRun(SuiteRunner.java:415)
at org.testng.SuiteRunner.run(SuiteRunner.java:364)
at org.testng.SuiteRunnerWorker.runSuite(SuiteRunnerWorker.java:52)
at org.testng.SuiteRunnerWorker.run(SuiteRunnerWorker.java:84)
at org.testng.TestNG.runSuitesSequentially(TestNG.java:1208)
at org.testng.TestNG.runSuitesLocally(TestNG.java:1137)
at org.testng.TestNG.runSuites(TestNG.java:1049)
at org.testng.TestNG.run(TestNG.java:1017)
at org.testng.remote.AbstractRemoteTestNG.run(AbstractRemoteTestNG.java:114)
at org.testng.remote.RemoteTestNG.initAndRun(RemoteTestNG.java:251)
at org.testng.remote.RemoteTestNG.main(RemoteTestNG.java:77)
Caused by: java.lang.NullPointerException
at common.ApplicationHelper.checkElementIsEnable(ApplicationHelper.java:150)
... 29 more
]]>
    </error>
  </testcase> <!-- verifyBlackTipsPanelIsDisplayedWhenAtTheSecondTime -->
  <testcase classname="screen.FeedScreen" name="verifyBlackTipsPanelNotDisplayedAfterCheckedDontShowAgain" time="13.339">
    <error message="Error! This element is not enable!!!" type="java.lang.Exception">
      <![CDATA[java.lang.Exception: Error! This element is not enable!!!
at common.ApplicationHelper.checkElementIsEnable(ApplicationHelper.java:153)
at common.ApplicationHelper.tapButton(ApplicationHelper.java:177)
at common.FeedHelper.checkDontShowAgain(FeedHelper.java:152)
at screen.FeedScreen$Screen.checkDontShowAgain(FeedScreen.java:374)
at screen.FeedScreen.verifyBlackTipsPanelNotDisplayedAfterCheckedDontShowAgain(FeedScreen.java:87)
at java.base/jdk.internal.reflect.NativeMethodAccessorImpl.invoke0(Native Method)
at java.base/jdk.internal.reflect.NativeMethodAccessorImpl.invoke(Unknown Source)
at java.base/jdk.internal.reflect.DelegatingMethodAccessorImpl.invoke(Unknown Source)
at java.base/java.lang.reflect.Method.invoke(Unknown Source)
at org.testng.internal.MethodInvocationHelper.invokeMethod(MethodInvocationHelper.java:124)
at org.testng.internal.Invoker.invokeMethod(Invoker.java:583)
at org.testng.internal.Invoker.invokeTestMethod(Invoker.java:719)
at org.testng.internal.Invoker.invokeTestMethods(Invoker.java:989)
at org.testng.internal.TestMethodWorker.invokeTestMethods(TestMethodWorker.java:125)
at org.testng.internal.TestMethodWorker.run(TestMethodWorker.java:109)
at org.testng.TestRunner.privateRun(TestRunner.java:648)
at org.testng.TestRunner.run(TestRunner.java:505)
at org.testng.SuiteRunner.runTest(SuiteRunner.java:455)
at org.testng.SuiteRunner.runSequentially(SuiteRunner.java:450)
at org.testng.SuiteRunner.privateRun(SuiteRunner.java:415)
at org.testng.SuiteRunner.run(SuiteRunner.java:364)
at org.testng.SuiteRunnerWorker.runSuite(SuiteRunnerWorker.java:52)
at org.testng.SuiteRunnerWorker.run(SuiteRunnerWorker.java:84)
at org.testng.TestNG.runSuitesSequentially(TestNG.java:1208)
at org.testng.TestNG.runSuitesLocally(TestNG.java:1137)
at org.testng.TestNG.runSuites(TestNG.java:1049)
at org.testng.TestNG.run(TestNG.java:1017)
at org.testng.remote.AbstractRemoteTestNG.run(AbstractRemoteTestNG.java:114)
at org.testng.remote.RemoteTestNG.initAndRun(RemoteTestNG.java:251)
at org.testng.remote.RemoteTestNG.main(RemoteTestNG.java:77)
Caused by: java.lang.NullPointerException
at common.ApplicationHelper.checkElementIsEnable(ApplicationHelper.java:150)
... 29 more
]]>
    </error>
  </testcase> <!-- verifyBlackTipsPanelNotDisplayedAfterCheckedDontShowAgain -->
  <testcase classname="screen.FeedScreen" name="verifyInputStatusPanelIsDisplayeAfterCheckDontShowAgain" time="8.247"/>
  <testcase classname="screen.FeedScreen" name="verifyPostButtonIsDisableWWithEmptyContent" time="8.836"/>
  <testcase classname="screen.FeedScreen" name="postStatus" time="19.251"/>
  <testcase classname="screen.FeedScreen" name="likePost" time="2.611"/>
  <testcase classname="screen.FeedScreen" name="unLikePost" time="2.462"/>
  <testcase classname="screen.FeedScreen" name="commentPost" time="16.965"/>
  <testcase classname="screen.FeedScreen" name="postPicture" time="25.412"/>
  <testcase classname="screen.FeedScreen" name="postVideo" time="74.575"/>
</testsuite> <!-- screen.FeedScreen -->
